13:38:00.037 [main                     ] DEBUG Logger               - Configured Logger
13:38:00.052 [main                     ] DEBUG GameApplication      - Logging settings
Title: Untitled
Version: 0.0
Width: 800
Height: 600
Fullscreen: false
Intro: false
Profiling: false
Single step:false
App Mode: DEVELOPER
Menu Key: ESCAPE
Stage Style: DECORATED
Scene Factory: class com.almasb.fxgl.app.scene.SceneFactory

13:38:00.787 [JavaFX Application Thread] DEBUG FXGLApplication      - Initializing FXGL
13:38:00.790 [JavaFX Application Thread] INFO  Engine               - FXGL-21.1 (27.03.2024 07.52) on WINDOWS (J:21.0.7 FX:21.0.1)
13:38:00.790 [JavaFX Application Thread] DEBUG Engine               - JRE Vendor Name: Eclipse Adoptium
13:38:00.790 [JavaFX Application Thread] DEBUG Engine               - Running on OS: Windows 10 version 10.0
13:38:00.790 [JavaFX Application Thread] DEBUG Engine               - Architecture: amd64
13:38:00.790 [JavaFX Application Thread] INFO  Engine               - Source code and latest versions at: https://github.com/AlmasB/FXGL
13:38:00.790 [JavaFX Application Thread] INFO  Engine               -       Ask questions and discuss at: https://github.com/AlmasB/FXGL/discussions
13:38:00.790 [JavaFX Application Thread] INFO  Engine               -              Join the FXGL chat at: https://gitter.im/AlmasB/FXGL
13:38:00.891 [JavaFX Application Thread] DEBUG PrimaryStageWindow   - Creating a JavaFX scene
13:38:00.935 [JavaFX Application Thread] DEBUG PrimaryStageWindow   - Target settings size: 800.0 x 600.0
13:38:00.935 [JavaFX Application Thread] DEBUG PrimaryStageWindow   - Scaled scene size:    800.0 x 600.0
13:38:00.936 [JavaFX Application Thread] DEBUG PrimaryStageWindow   - Scaled ratio: (1.0, 1.0)
13:38:00.937 [JavaFX Application Thread] DEBUG PrimaryStageWindow   - Set initial scene to FXGLStartupScene
13:38:00.939 [JavaFX Application Thread] DEBUG PrimaryStageWindow   - Opening main window
13:38:01.014 [JavaFX Application Thread] DEBUG PrimaryStageWindow   - Window border size: (16.0, 39.0)
13:38:01.015 [JavaFX Application Thread] DEBUG PrimaryStageWindow   - Scaled size: 800.0 x 600.0
13:38:01.015 [JavaFX Application Thread] DEBUG PrimaryStageWindow   - Scaled ratio: (1.0, 1.0)
13:38:01.015 [JavaFX Application Thread] DEBUG PrimaryStageWindow   - Scene size: 800.0 x 600.0
13:38:01.015 [JavaFX Application Thread] DEBUG PrimaryStageWindow   - Stage size: 816.0 x 639.0
13:38:01.020 [FXGL Background Thread 1 ] DEBUG Engine               - Initializing environment variables
13:38:01.052 [FXGL Background Thread 1 ] DEBUG FXGLAssetLoaderServi - User app class for loading assets: class Shapes
13:38:01.052 [FXGL Background Thread 1 ] DEBUG GameApplicationServi - Applying CSS: fxgl_dark.css
13:38:01.053 [FXGL Background Thread 1 ] DEBUG FXGLAssetLoaderServi - Loading from file system: jar:file:/C:/Users/stephjac000/.m2/repository/com/github/almasb/fxgl/21.1/fxgl-21.1.jar!/fxglassets/ui/css/fxgl_dark.css
13:38:01.086 [FXGL Background Thread 1 ] DEBUG GameApplicationServi - Initializing application scenes
13:38:01.119 [FXGL Background Thread 1 ] DEBUG GameWorld            - Game world initialized
13:38:01.183 [FXGL Background Thread 1 ] DEBUG PhysicsWorld         - Physics world initialized: appHeight=600, physics.ppm=50.0
13:38:01.183 [FXGL Background Thread 1 ] DEBUG PhysicsWorld         - Using strategy: BRUTE_FORCE
13:38:01.186 [FXGL Background Thread 1 ] DEBUG GameScene            - Game scene initialized: 800x600
13:38:01.197 [FXGL Background Thread 1 ] DEBUG FXGL.DefaultMenu     - createMenuBodyGameMenu()
13:38:01.212 [FXGL Background Thread 1 ] DEBUG FXGL.DefaultMenu     - createOptionsMenu()
13:38:01.220 [FXGL Background Thread 1 ] DEBUG FXGLAssetLoaderServi - Loading from file system: jar:file:/C:/Users/stephjac000/.m2/repository/com/github/almasb/fxgl/21.1/fxgl-21.1.jar!/fxglassets/textures/particles/smoke.png
13:38:01.299 [FXGL Background Thread 1 ] DEBUG FXGLAssetLoaderServi - Loading from file system: jar:file:/C:/Users/stephjac000/.m2/repository/com/github/almasb/fxgl/21.1/fxgl-21.1.jar!/fxglassets/textures/particles/trace_horizontal.png
13:38:01.321 [FXGL Background Thread 1 ] DEBUG GameApplicationServi - Application scenes initialized
13:38:01.336 [FXGL Background Thread 1 ] DEBUG SystemBundleService  - Loading default FXGL system data
13:38:01.336 [FXGL Background Thread 1 ] DEBUG UpdaterService       - Checking for updates
13:38:01.339 [FXGL Background Thread 4 ] DEBUG FXGLApplication      - Loading fonts
13:38:01.339 [FXGL Background Thread 4 ] DEBUG FXGLAssetLoaderServi - Loading from file system: jar:file:/C:/Users/stephjac000/.m2/repository/com/github/almasb/fxgl/21.1/fxgl-21.1.jar!/fxglassets/ui/fonts/VarelaRound-Regular.ttf
13:38:01.340 [FXGL Background Thread 1 ] DEBUG FXGLApplication      - Loading default localization
13:38:01.340 [FXGL Background Thread 1 ] DEBUG FXGLAssetLoaderServi - Loading from file system: jar:file:/C:/Users/stephjac000/.m2/repository/com/github/almasb/fxgl/21.1/fxgl-21.1.jar!/fxglassets/languages/english.lang
13:38:01.353 [FXGL Background Thread 4 ] DEBUG FXGLAssetLoaderServi - Loading from file system: jar:file:/C:/Users/stephjac000/.m2/repository/com/github/almasb/fxgl/21.1/fxgl-21.1.jar!/fxglassets/ui/fonts/Abel-Regular.ttf
13:38:01.359 [FXGL Background Thread 4 ] DEBUG FXGLAssetLoaderServi - Loading from file system: jar:file:/C:/Users/stephjac000/.m2/repository/com/github/almasb/fxgl/21.1/fxgl-21.1.jar!/fxglassets/ui/fonts/TerminalLandMono-Regular.otf
13:38:01.360 [FXGL Background Thread 1 ] INFO  FXGLApplication      - FXGL initialization took: 0.340 sec
13:38:01.361 [JavaFX Application Thread] DEBUG FXGLAssetLoaderServi - Loading from file system: jar:file:/C:/Users/stephjac000/.m2/repository/com/github/almasb/fxgl/21.1/fxgl-21.1.jar!/fxglassets/textures/fxgl_icon.png
13:38:01.365 [FXGL Background Thread 4 ] DEBUG FXGLAssetLoaderServi - Loading from file system: jar:file:/C:/Users/stephjac000/.m2/repository/com/github/almasb/fxgl/21.1/fxgl-21.1.jar!/fxglassets/ui/fonts/Courier-Prime.ttf
13:38:01.379 [JavaFX Application Thread] DEBUG FXGLAssetLoaderServi - Loading from file system: jar:file:/C:/Users/stephjac000/.m2/repository/com/github/almasb/fxgl/21.1/fxgl-21.1.jar!/fxglassets/textures/fxgl_default_cursor.png
13:38:01.387 [JavaFX Application Thread] DEBUG Input                - Registered new binding: Screenshot - CTRL+8
13:38:01.388 [JavaFX Application Thread] DEBUG Input                - Registered new binding: System info dump - CTRL+9
13:38:01.388 [JavaFX Application Thread] DEBUG Input                - Registered new binding: Restart - CTRL+R
13:38:01.388 [JavaFX Application Thread] DEBUG Input                - Registered new binding: Toggle Debug Camera - CTRL+7
13:38:01.390 [JavaFX Application Thread] DEBUG LoopRunner           - Starting loop
13:38:01.390 [JavaFX Application Thread] DEBUG LoopRunner           - Initializing JavaFX AnimationTimerLoop
13:38:01.391 [JavaFX Application Thread] DEBUG GameApplicationServi - Starting new game
13:38:01.392 [JavaFX Application Thread] DEBUG Input                - Clearing active input actions
13:38:01.401 [JavaFX Application Thread] DEBUG GameApplicationServi - Removing overlay from FXGLStartupScene and adding to FXGLLoadingScene
13:38:01.402 [JavaFX Application Thread] DEBUG PrimaryStageWindow   - FXGLStartupScene -> FXGLLoadingScene
13:38:01.402 [JavaFX Application Thread] DEBUG GameApplicationServi - Clearing previous game
13:38:01.402 [JavaFX Application Thread] DEBUG GameScene            - Clearing game scene
13:38:01.402 [JavaFX Application Thread] DEBUG GameWorld            - Clearing game world
13:38:01.402 [JavaFX Application Thread] DEBUG PhysicsWorld         - Clearing physics world
13:38:01.404 [FXGL Background Thread 4 ] DEBUG FXGLApplication      - Initializing game
13:38:01.405 [FXGL Background Thread 4 ] INFO  FXGLApplication      - Game initialization took: 0.001 sec
13:38:01.405 [JavaFX Application Thread] DEBUG FXGLApplication      - Registering font factories with UI factory
13:38:01.441 [JavaFX Application Thread] DEBUG Input                - Clearing active input actions
13:38:01.446 [JavaFX Application Thread] DEBUG GameApplicationServi - Removing overlay from FXGLLoadingScene and adding to GameScene
13:38:01.446 [JavaFX Application Thread] DEBUG PrimaryStageWindow   - FXGLLoadingScene -> GameScene
13:38:03.743 [JavaFX Application Thread] DEBUG FXGLApplication      - Exiting FXGL
13:38:03.743 [JavaFX Application Thread] DEBUG LoopRunner           - Stopping loop
13:38:03.743 [JavaFX Application Thread] DEBUG SystemBundleService  - Saving FXGL system data
13:38:03.746 [JavaFX Application Thread] DEBUG FileSystemAccess     - Writing to: C:\Users\stephjac000\IdeaProjects\3DMiniProject\system\fxgl.bundle
13:38:03.748 [JavaFX Application Thread] DEBUG Async                - Shutting down background threads
13:38:03.748 [JavaFX Application Thread] DEBUG PrimaryStageWindow   - Closing main window
13:38:03.755 [JavaFX Application Thread] DEBUG Logger               - Closing Logger
